Test case #           1:    data_in = 0x1851,    crc_out = 0x10a, golden_crc_out = 0x10a, TEST MATCH!
Test case #           2:    data_in = 0x5677,    crc_out = 0x19b, golden_crc_out = 0x19b, TEST MATCH!
Test case #           3:    data_in = 0x1717,    crc_out = 0x02e, golden_crc_out = 0x02e, TEST MATCH!
Test case #           4:    data_in = 0xe51e,    crc_out = 0x0a2, golden_crc_out = 0x0a2, TEST MATCH!
Test case #           5:    data_in = 0x0ebd,    crc_out = 0x17d, golden_crc_out = 0x17d, TEST MATCH!
Test case #           7:    data_in = 0x477e,    crc_out = 0x1ba, golden_crc_out = 0x1ba, TEST MATCH!
Test case #           8:    data_in = 0x695a,    crc_out = 0x0b2, golden_crc_out = 0x0b2, TEST MATCH!
Test case #           9:    data_in = 0xf458,    crc_out = 0x175, golden_crc_out = 0x175, TEST MATCH!
Test case #          10:    data_in = 0xbd64,    crc_out = 0x052, golden_crc_out = 0x052, TEST MATCH!
Test case #          11:    data_in = 0xace4,    crc_out = 0x151, golden_crc_out = 0x151, TEST MATCH!
Test case #          12:    data_in = 0xdcc3,    crc_out = 0x155, golden_crc_out = 0x155, TEST MATCH!
Test case #          13:    data_in = 0x54fa,    crc_out = 0x160, golden_crc_out = 0x160, TEST MATCH!
Test case #          14:    data_in = 0xc3f2,    crc_out = 0x0b3, golden_crc_out = 0x0b3, TEST MATCH!
Test case #          15:    data_in = 0x5719,    crc_out = 0x17a, golden_crc_out = 0x17a, TEST MATCH!
Test case #          16:    data_in = 0xffff,    crc_out = 0x1fe, golden_crc_out = 0x1fe, TEST MATCH!
Test case #          17:    data_in = 0xf7d1,    crc_out = 0x037, golden_crc_out = 0x037, TEST MATCH!
Test case #          18:    data_in = 0x14ac,    crc_out = 0x03f, golden_crc_out = 0x03f, TEST MATCH!
Test case #          19:    data_in = 0x76be,    crc_out = 0x1e4, golden_crc_out = 0x1e4, TEST MATCH!
Test case #          20:    data_in = 0x0203,    crc_out = 0x026, golden_crc_out = 0x026, TEST MATCH!
Test case #          21:    data_in = 0x9ee8,    crc_out = 0x0ef, golden_crc_out = 0x0ef, TEST MATCH!
Test case #          22:    data_in = 0xd2ee,    crc_out = 0x03a, golden_crc_out = 0x03a, TEST MATCH!
Test case #          23:    data_in = 0x3b62,    crc_out = 0x05f, golden_crc_out = 0x05f, TEST MATCH!
Test case #          24:    data_in = 0xc497,    crc_out = 0x0f5, golden_crc_out = 0x0f5, TEST MATCH!
Test case #          25:    data_in = 0x8237,    crc_out = 0x1b8, golden_crc_out = 0x1b8, TEST MATCH!
Test case #          26:    data_in = 0x6ca0,    crc_out = 0x158, golden_crc_out = 0x158, TEST MATCH!
Test case #          27:    data_in = 0x2089,    crc_out = 0x077, golden_crc_out = 0x077, TEST MATCH!
Test case #          28:    data_in = 0x9b69,    crc_out = 0x16c, golden_crc_out = 0x16c, TEST MATCH!
Test case #          29:    data_in = 0x6c8f,    crc_out = 0x0a2, golden_crc_out = 0x0a2, TEST MATCH!
Test case #          30:    data_in = 0x5d50,    crc_out = 0x100, golden_crc_out = 0x100, TEST MATCH!
Test case #          31:    data_in = 0x9ad0,    crc_out = 0x068, golden_crc_out = 0x068, TEST MATCH!
Test case #          32:    data_in = 0xf378,    crc_out = 0x191, golden_crc_out = 0x191, TEST MATCH!
Test case #          33:    data_in = 0xd3b4,    crc_out = 0x144, golden_crc_out = 0x144, TEST MATCH!
Test case #          34:    data_in = 0x6e18,    crc_out = 0x10f, golden_crc_out = 0x10f, TEST MATCH!
Test case #          35:    data_in = 0xf755,    crc_out = 0x1be, golden_crc_out = 0x1be, TEST MATCH!
Test case #          36:    data_in = 0x5c82,    crc_out = 0x06f, golden_crc_out = 0x06f, TEST MATCH!
Test case #          37:    data_in = 0x88c3,    crc_out = 0x17f, golden_crc_out = 0x17f, TEST MATCH!
Test case #          38:    data_in = 0x3a98,    crc_out = 0x135, golden_crc_out = 0x135, TEST MATCH!
Test case #          39:    data_in = 0x15c9,    crc_out = 0x0b9, golden_crc_out = 0x0b9, TEST MATCH!
Test case #          40:    data_in = 0xa9ab,    crc_out = 0x007, golden_crc_out = 0x007, TEST MATCH!
Test case #          41:    data_in = 0x0000,    crc_out = 0x000, golden_crc_out = 0x000, TEST MATCH!
Test case #          42:    data_in = 0x1f34,    crc_out = 0x14c, golden_crc_out = 0x14c, TEST MATCH!
Test case #          43:    data_in = 0x3ff4,    crc_out = 0x001, golden_crc_out = 0x001, TEST MATCH!
Test case #          44:    data_in = 0x3591,    crc_out = 0x1e7, golden_crc_out = 0x1e7, TEST MATCH!
Test case #          45:    data_in = 0xce05,    crc_out = 0x0f2, golden_crc_out = 0x0f2, TEST MATCH!
Test case #          46:    data_in = 0xecf6,    crc_out = 0x19f, golden_crc_out = 0x19f, TEST MATCH!
Test case #          47:    data_in = 0xde26,    crc_out = 0x1a3, golden_crc_out = 0x1a3, TEST MATCH!
Test case #          48:    data_in = 0x37ed,    crc_out = 0x031, golden_crc_out = 0x031, TEST MATCH!
Test case #          49:    data_in = 0xf211,    crc_out = 0x08f, golden_crc_out = 0x08f, TEST MATCH!
Test case #          50:    data_in = 0x2bee,    crc_out = 0x0e4, golden_crc_out = 0x0e4, TEST MATCH!
Test case #          51:    data_in = 0x11ae,    crc_out = 0x1ca, golden_crc_out = 0x1ca, TEST MATCH!
Test case #          52:    data_in = 0x8015,    crc_out = 0x0a9, golden_crc_out = 0x0a9, TEST MATCH!
Test case #          53:    data_in = 0xa8c5,    crc_out = 0x0e6, golden_crc_out = 0x0e6, TEST MATCH!
Test case #          54:    data_in = 0x6b72,    crc_out = 0x0f7, golden_crc_out = 0x0f7, TEST MATCH!
Test case #          55:    data_in = 0xfcfb,    crc_out = 0x007, golden_crc_out = 0x007, TEST MATCH!
Test case #          56:    data_in = 0x679b,    crc_out = 0x059, golden_crc_out = 0x059, TEST MATCH!
Test case #          57:    data_in = 0xf285,    crc_out = 0x104, golden_crc_out = 0x104, TEST MATCH!
Test case #          58:    data_in = 0x14d0,    crc_out = 0x1a9, golden_crc_out = 0x1a9, TEST MATCH!
Test case #          59:    data_in = 0x2365,    crc_out = 0x193, golden_crc_out = 0x193, TEST MATCH!
Test case #          60:    data_in = 0xd963,    crc_out = 0x1e1, golden_crc_out = 0x1e1, TEST MATCH!
Test case #          61:    data_in = 0x65a9,    crc_out = 0x14a, golden_crc_out = 0x14a, TEST MATCH!
Test case #          62:    data_in = 0x96a4,    crc_out = 0x07f, golden_crc_out = 0x07f, TEST MATCH!
Test case #          63:    data_in = 0xbd5d,    crc_out = 0x166, golden_crc_out = 0x166, TEST MATCH!
Test case #          64:    data_in = 0xc511,    crc_out = 0x009, golden_crc_out = 0x009, TEST MATCH!
Test case #          65:    data_in = 0x8836,    crc_out = 0x1cb, golden_crc_out = 0x1cb, TEST MATCH!
Test case #          66:    data_in = 0x0bb1,    crc_out = 0x045, golden_crc_out = 0x045, TEST MATCH!
Test case #          67:    data_in = 0x051f,    crc_out = 0x15c, golden_crc_out = 0x15c, TEST MATCH!
Test case #          68:    data_in = 0xaea0,    crc_out = 0x080, golden_crc_out = 0x080, TEST MATCH!
Test case #          69:    data_in = 0x4494,    crc_out = 0x092, golden_crc_out = 0x092, TEST MATCH!
Test case #          70:    data_in = 0x173e,    crc_out = 0x118, golden_crc_out = 0x118, TEST MATCH!
Test case #          71:    data_in = 0xfbc6,    crc_out = 0x04a, golden_crc_out = 0x04a, TEST MATCH!
Test case #          72:    data_in = 0x8136,    crc_out = 0x0eb, golden_crc_out = 0x0eb, TEST MATCH!
Test case #          73:    data_in = 0x0b1f,    crc_out = 0x09c, golden_crc_out = 0x09c, TEST MATCH!
Test case #          74:    data_in = 0x2ac7,    crc_out = 0x1f2, golden_crc_out = 0x1f2, TEST MATCH!
Test case #          75:    data_in = 0xfdcb,    crc_out = 0x021, golden_crc_out = 0x021, TEST MATCH!
Test case #          76:    data_in = 0x4baa,    crc_out = 0x1b9, golden_crc_out = 0x1b9, TEST MATCH!
Test case #          77:    data_in = 0xedd9,    crc_out = 0x045, golden_crc_out = 0x045, TEST MATCH!
Test case #          78:    data_in = 0xbac1,    crc_out = 0x00c, golden_crc_out = 0x00c, TEST MATCH!
Test case #          79:    data_in = 0xbc91,    crc_out = 0x0c6, golden_crc_out = 0x0c6, TEST MATCH!
Test case #          80:    data_in = 0xa748,    crc_out = 0x1bd, golden_crc_out = 0x1bd, TEST MATCH!
Test case #          81:    data_in = 0xc1ad,    crc_out = 0x107, golden_crc_out = 0x107, TEST MATCH!
Test case #          82:    data_in = 0x89a6,    crc_out = 0x1f9, golden_crc_out = 0x1f9, TEST MATCH!
Test case #          83:    data_in = 0xa537,    crc_out = 0x00d, golden_crc_out = 0x00d, TEST MATCH!
Test case #          84:    data_in = 0xa5e7,    crc_out = 0x017, golden_crc_out = 0x017, TEST MATCH!
Test case #          85:    data_in = 0x14e8,    crc_out = 0x1ae, golden_crc_out = 0x1ae, TEST MATCH!
Test case #          86:    data_in = 0xe7d3,    crc_out = 0x051, golden_crc_out = 0x051, TEST MATCH!
Test case #          87:    data_in = 0xf5a1,    crc_out = 0x079, golden_crc_out = 0x079, TEST MATCH!
Test case #          88:    data_in = 0xfb80,    crc_out = 0x08e, golden_crc_out = 0x08e, TEST MATCH!
Test case #          89:    data_in = 0x8671,    crc_out = 0x1fc, golden_crc_out = 0x1fc, TEST MATCH!
Test case #          90:    data_in = 0x24d2,    crc_out = 0x09a, golden_crc_out = 0x09a, TEST MATCH!
Test case #          91:    data_in = 0x7831,    crc_out = 0x1ca, golden_crc_out = 0x1ca, TEST MATCH!
Test case #          92:    data_in = 0xbfc4,    crc_out = 0x006, golden_crc_out = 0x006, TEST MATCH!
Test case #          93:    data_in = 0x5838,    crc_out = 0x1ad, golden_crc_out = 0x1ad, TEST MATCH!
Test case #          94:    data_in = 0x3b44,    crc_out = 0x097, golden_crc_out = 0x097, TEST MATCH!
Test case #          95:    data_in = 0x2398,    crc_out = 0x126, golden_crc_out = 0x126, TEST MATCH!
Test case #          96:    data_in = 0xe726,    crc_out = 0x0e5, golden_crc_out = 0x0e5, TEST MATCH!
Test case #          97:    data_in = 0x4a1d,    crc_out = 0x070, golden_crc_out = 0x070, TEST MATCH!
Test case #          98:    data_in = 0xbaea,    crc_out = 0x06f, golden_crc_out = 0x06f, TEST MATCH!
Test case #          99:    data_in = 0xb853,    crc_out = 0x10b, golden_crc_out = 0x10b, TEST MATCH!
Test case #         100:    data_in = 0x7abc,    crc_out = 0x131, golden_crc_out = 0x131, TEST MATCH!
Test case #         101:    data_in = 0x9eb7,    crc_out = 0x11b, golden_crc_out = 0x11b, TEST MATCH!
Test case #         102:    data_in = 0x34b6,    crc_out = 0x03c, golden_crc_out = 0x03c, TEST MATCH!
Test case #         103:    data_in = 0x6e3c,    crc_out = 0x092, golden_crc_out = 0x092, TEST MATCH!
Test case #         104:    data_in = 0x113d,    crc_out = 0x1be, golden_crc_out = 0x1be, TEST MATCH!
Test case #         105:    data_in = 0x5ac4,    crc_out = 0x06b, golden_crc_out = 0x06b, TEST MATCH!
Test case #         106:    data_in = 0x56ff,    crc_out = 0x18a, golden_crc_out = 0x18a, TEST MATCH!
Test case #         107:    data_in = 0x6aed,    crc_out = 0x13b, golden_crc_out = 0x13b, TEST MATCH!
Test case #         108:    data_in = 0xf763,    crc_out = 0x174, golden_crc_out = 0x174, TEST MATCH!
Test case #         109:    data_in = 0x0fb3,    crc_out = 0x190, golden_crc_out = 0x190, TEST MATCH!
Test case #         110:    data_in = 0x1cc4,    crc_out = 0x132, golden_crc_out = 0x132, TEST MATCH!
Test case #         111:    data_in = 0x7ef9,    crc_out = 0x113, golden_crc_out = 0x113, TEST MATCH!
Test case #         112:    data_in = 0xeedb,    crc_out = 0x170, golden_crc_out = 0x170, TEST MATCH!
Test case #         113:    data_in = 0x4cb3,    crc_out = 0x069, golden_crc_out = 0x069, TEST MATCH!
Test case #         114:    data_in = 0x3ca3,    crc_out = 0x194, golden_crc_out = 0x194, TEST MATCH!
Test case #         115:    data_in = 0xbf8b,    crc_out = 0x1f0, golden_crc_out = 0x1f0, TEST MATCH!
Test case #         116:    data_in = 0x467a,    crc_out = 0x003, golden_crc_out = 0x003, TEST MATCH!
Test case #         117:    data_in = 0xaad4,    crc_out = 0x197, golden_crc_out = 0x197, TEST MATCH!
Test case #         118:    data_in = 0x5d7c,    crc_out = 0x09c, golden_crc_out = 0x09c, TEST MATCH!
Test case #         119:    data_in = 0x8d91,    crc_out = 0x080, golden_crc_out = 0x080, TEST MATCH!
Test case #         120:    data_in = 0x1987,    crc_out = 0x1fc, golden_crc_out = 0x1fc, TEST MATCH!
Test case #         121:    data_in = 0xa792,    crc_out = 0x0f3, golden_crc_out = 0x0f3, TEST MATCH!
Test case #         122:    data_in = 0xd57c,    crc_out = 0x19d, golden_crc_out = 0x19d, TEST MATCH!
Test case #         123:    data_in = 0xd4fb,    crc_out = 0x052, golden_crc_out = 0x052, TEST MATCH!
Test case #         124:    data_in = 0xc797,    crc_out = 0x095, golden_crc_out = 0x095, TEST MATCH!
Test case #         125:    data_in = 0x43da,    crc_out = 0x0b7, golden_crc_out = 0x0b7, TEST MATCH!
Test case #         126:    data_in = 0xd30a,    crc_out = 0x19f, golden_crc_out = 0x19f, TEST MATCH!
Test case #         127:    data_in = 0x8968,    crc_out = 0x12c, golden_crc_out = 0x12c, TEST MATCH!
Test case #         128:    data_in = 0xbfd9,    crc_out = 0x0af, golden_crc_out = 0x0af, TEST MATCH!
Test case #         129:    data_in = 0xc05d,    crc_out = 0x139, golden_crc_out = 0x139, TEST MATCH!
Test case #         130:    data_in = 0xfeb6,    crc_out = 0x0e4, golden_crc_out = 0x0e4, TEST MATCH!
Test case #         131:    data_in = 0x566d,    crc_out = 0x0cd, golden_crc_out = 0x0cd, TEST MATCH!
Test case #         132:    data_in = 0xb676,    crc_out = 0x065, golden_crc_out = 0x065, TEST MATCH!
Test case #         133:    data_in = 0x95ab,    crc_out = 0x1e1, golden_crc_out = 0x1e1, TEST MATCH!
Test case #         134:    data_in = 0x0e84,    crc_out = 0x049, golden_crc_out = 0x049, TEST MATCH!
Test case #         135:    data_in = 0x3121,    crc_out = 0x171, golden_crc_out = 0x171, TEST MATCH!
Test case #         136:    data_in = 0x505f,    crc_out = 0x15e, golden_crc_out = 0x15e, TEST MATCH!
Test case #         137:    data_in = 0xe2ae,    crc_out = 0x054, golden_crc_out = 0x054, TEST MATCH!
Test case #         138:    data_in = 0xf4a0,    crc_out = 0x16a, golden_crc_out = 0x16a, TEST MATCH!
Test case #         139:    data_in = 0x084f,    crc_out = 0x0f6, golden_crc_out = 0x0f6, TEST MATCH!
Test case #         140:    data_in = 0x9711,    crc_out = 0x0e3, golden_crc_out = 0x0e3, TEST MATCH!
Test case #         141:    data_in = 0xdc0f,    crc_out = 0x0d5, golden_crc_out = 0x0d5, TEST MATCH!
Test case #         142:    data_in = 0xd7b4,    crc_out = 0x1c4, golden_crc_out = 0x1c4, TEST MATCH!
Test case #         143:    data_in = 0xb2dc,    crc_out = 0x1a5, golden_crc_out = 0x1a5, TEST MATCH!
Test case #         144:    data_in = 0xe3c9,    crc_out = 0x187, golden_crc_out = 0x187, TEST MATCH!
Test case #         145:    data_in = 0x30eb,    crc_out = 0x01d, golden_crc_out = 0x01d, TEST MATCH!
Test case #         146:    data_in = 0x7d87,    crc_out = 0x1b0, golden_crc_out = 0x1b0, TEST MATCH!
Test case #         147:    data_in = 0x9a10,    crc_out = 0x070, golden_crc_out = 0x070, TEST MATCH!
Test case #         148:    data_in = 0xfe2b,    crc_out = 0x05d, golden_crc_out = 0x05d, TEST MATCH!
Test case #         149:    data_in = 0x2ab3,    crc_out = 0x065, golden_crc_out = 0x065, TEST MATCH!
Test case #         150:    data_in = 0xfc2b,    crc_out = 0x01d, golden_crc_out = 0x01d, TEST MATCH!
Test case #         151:    data_in = 0x57c8,    crc_out = 0x053, golden_crc_out = 0x053, TEST MATCH!
Test case #         152:    data_in = 0x1624,    crc_out = 0x06e, golden_crc_out = 0x06e, TEST MATCH!
Test case #         153:    data_in = 0x5f7f,    crc_out = 0x0ba, golden_crc_out = 0x0ba, TEST MATCH!
Test case #         154:    data_in = 0x7074,    crc_out = 0x068, golden_crc_out = 0x068, TEST MATCH!
Test case #         155:    data_in = 0xc944,    crc_out = 0x129, golden_crc_out = 0x129, TEST MATCH!
Test case #         156:    data_in = 0xe2f7,    crc_out = 0x16c, golden_crc_out = 0x16c, TEST MATCH!
Test case #         157:    data_in = 0x47b8,    crc_out = 0x16e, golden_crc_out = 0x16e, TEST MATCH!
Test case #         158:    data_in = 0x2f23,    crc_out = 0x0d7, golden_crc_out = 0x0d7, TEST MATCH!
Test case #         159:    data_in = 0x22a2,    crc_out = 0x054, golden_crc_out = 0x054, TEST MATCH!
Test case #         160:    data_in = 0xf7a8,    crc_out = 0x10b, golden_crc_out = 0x10b, TEST MATCH!
Test case #         161:    data_in = 0x2385,    crc_out = 0x18f, golden_crc_out = 0x18f, TEST MATCH!
Test case #         162:    data_in = 0xc5b6,    crc_out = 0x1e2, golden_crc_out = 0x1e2, TEST MATCH!
Test case #         163:    data_in = 0x4e84,    crc_out = 0x1d0, golden_crc_out = 0x1d0, TEST MATCH!
Test case #         164:    data_in = 0x669c,    crc_out = 0x186, golden_crc_out = 0x186, TEST MATCH!
Test case #         165:    data_in = 0xd272,    crc_out = 0x1b0, golden_crc_out = 0x1b0, TEST MATCH!
Test case #         166:    data_in = 0x9d33,    crc_out = 0x0f2, golden_crc_out = 0x0f2, TEST MATCH!
Test case #         167:    data_in = 0xcfc4,    crc_out = 0x1f9, golden_crc_out = 0x1f9, TEST MATCH!
Test case #         168:    data_in = 0x6e77,    crc_out = 0x0fd, golden_crc_out = 0x0fd, TEST MATCH!
Test case #         169:    data_in = 0xd79d,    crc_out = 0x0f2, golden_crc_out = 0x0f2, TEST MATCH!
Test case #         170:    data_in = 0x2d07,    crc_out = 0x10a, golden_crc_out = 0x10a, TEST MATCH!
Test case #         171:    data_in = 0x9229,    crc_out = 0x044, golden_crc_out = 0x044, TEST MATCH!
Test case #         172:    data_in = 0x044a,    crc_out = 0x1dc, golden_crc_out = 0x1dc, TEST MATCH!
Test case #         173:    data_in = 0xb5e4,    crc_out = 0x142, golden_crc_out = 0x142, TEST MATCH!
Test case #         174:    data_in = 0xbbb5,    crc_out = 0x1bb, golden_crc_out = 0x1bb, TEST MATCH!
Test case #         175:    data_in = 0x600f,    crc_out = 0x132, golden_crc_out = 0x132, TEST MATCH!
Test case #         176:    data_in = 0x621c,    crc_out = 0x116, golden_crc_out = 0x116, TEST MATCH!
Test case #         177:    data_in = 0x4f45,    crc_out = 0x0db, golden_crc_out = 0x0db, TEST MATCH!
Test case #         178:    data_in = 0x28c7,    crc_out = 0x1b2, golden_crc_out = 0x1b2, TEST MATCH!
Test case #         179:    data_in = 0x3ee5,    crc_out = 0x110, golden_crc_out = 0x110, TEST MATCH!
Test case #         180:    data_in = 0x7512,    crc_out = 0x008, golden_crc_out = 0x008, TEST MATCH!
Test case #         181:    data_in = 0x06f6,    crc_out = 0x012, golden_crc_out = 0x012, TEST MATCH!
Test case #         182:    data_in = 0x9d82,    crc_out = 0x1d7, golden_crc_out = 0x1d7, TEST MATCH!
Test case #         183:    data_in = 0xaf0c,    crc_out = 0x12c, golden_crc_out = 0x12c, TEST MATCH!
Test case #         184:    data_in = 0x72da,    crc_out = 0x0f1, golden_crc_out = 0x0f1, TEST MATCH!
Test case #         185:    data_in = 0x268a,    crc_out = 0x0d1, golden_crc_out = 0x0d1, TEST MATCH!
Test case #         186:    data_in = 0x7906,    crc_out = 0x013, golden_crc_out = 0x013, TEST MATCH!
Test case #         187:    data_in = 0x964c,    crc_out = 0x062, golden_crc_out = 0x062, TEST MATCH!
Test case #         188:    data_in = 0xed1d,    crc_out = 0x1c4, golden_crc_out = 0x1c4, TEST MATCH!
Test case #         189:    data_in = 0x0867,    crc_out = 0x0f3, golden_crc_out = 0x0f3, TEST MATCH!
Test case #         190:    data_in = 0x9629,    crc_out = 0x0c4, golden_crc_out = 0x0c4, TEST MATCH!
Test case #         191:    data_in = 0xf7e3,    crc_out = 0x164, golden_crc_out = 0x164, TEST MATCH!
Test case #         192:    data_in = 0x2d77,    crc_out = 0x104, golden_crc_out = 0x104, TEST MATCH!
Test case #         193:    data_in = 0x6716,    crc_out = 0x0e2, golden_crc_out = 0x0e2, TEST MATCH!
Test case #         194:    data_in = 0x7453,    crc_out = 0x113, golden_crc_out = 0x113, TEST MATCH!
Test case #         195:    data_in = 0xe55d,    crc_out = 0x0cc, golden_crc_out = 0x0cc, TEST MATCH!
Test case #         196:    data_in = 0xa4c0,    crc_out = 0x1cc, golden_crc_out = 0x1cc, TEST MATCH!
Test case #         197:    data_in = 0xf1c6,    crc_out = 0x10a, golden_crc_out = 0x10a, TEST MATCH!
Test case #         198:    data_in = 0x5048,    crc_out = 0x0a3, golden_crc_out = 0x0a3, TEST MATCH!
Test case #         199:    data_in = 0xd5ca,    crc_out = 0x147, golden_crc_out = 0x147, TEST MATCH!
Test case #         200:    data_in = 0x77e8,    crc_out = 0x102, golden_crc_out = 0x102, TEST MATCH!
